03-08 00:19:58 sierra_kicad_order.action_sierra_quote 866:Sierra Circuits Quote plugin version: 2.0 started
03-08 00:19:59 STDOUT 1185:send:
03-08 00:19:59 STDOUT 1185:b'POST /kiprod/client HTTP/1.1\r\nAccept-Encoding: identity\r\nContent-Length: 52\r\nHost: api.protoexpress-api.net\r\nUser-Agent: Python-urllib/3.9\r\nContent-Type: application/json\r\nAuthorization: Basic 03e875af-bd8a-11ed-b603-18c04db173b0\r\nConnection: close\r\n\r\n'
03-08 00:19:59 STDOUT 1185:send:
03-08 00:19:59 STDOUT 1185:b'{"client_id":"03e875af-bd8a-11ed-b603-18c04db173b0"}'
03-08 00:20:00 STDOUT 1185:reply:
03-08 00:20:00 STDOUT 1185:'HTTP/1.1 200 OK\r\n'
03-08 00:20:00 STDOUT 1185:header:
03-08 00:20:00 STDOUT 1185:Date:
03-08 00:20:00 STDOUT 1185:Wed, 08 Mar 2023 08:20:00 GMT
03-08 00:20:00 STDOUT 1185:header:
03-08 00:20:00 STDOUT 1185:Content-Type:
03-08 00:20:00 STDOUT 1185:application/json
03-08 00:20:00 STDOUT 1185:header:
03-08 00:20:00 STDOUT 1185:Content-Length:
03-08 00:20:00 STDOUT 1185:32
03-08 00:20:00 STDOUT 1185:header:
03-08 00:20:00 STDOUT 1185:Connection:
03-08 00:20:00 STDOUT 1185:close
03-08 00:20:00 STDOUT 1185:header:
03-08 00:20:00 STDOUT 1185:x-amzn-RequestId:
03-08 00:20:00 STDOUT 1185:ec5da420-217f-4c9a-b5fa-b132c6293969
03-08 00:20:00 STDOUT 1185:header:
03-08 00:20:00 STDOUT 1185:x-amz-apigw-id:
03-08 00:20:00 STDOUT 1185:Bc-_eGyDoAMFTWQ=
03-08 00:20:00 STDOUT 1185:header:
03-08 00:20:00 STDOUT 1185:X-Amzn-Trace-Id:
03-08 00:20:00 STDOUT 1185:Root=1-6408452f-418daac26feda87a558d3f81;Sampled=0
03-08 00:20:00 STDERR 1185:C:\Users\aaron\OneDrive\Documents\KiCad\7.0\3rdparty\plugins\sierra_kicad_order\action_sierra_quote.py:109: wxPyDeprecationWarning: Call to deprecated item. Use SetSizeHints instead.
03-08 00:20:00 STDERR 1185:  self.SetSizeHintsSz(sz1, sz2)
03-08 00:20:00 STDOUT 1185:send:
03-08 00:20:00 STDOUT 1185:b'POST /kiprod/client HTTP/1.1\r\nAccept-Encoding: identity\r\nContent-Length: 52\r\nHost: api.protoexpress-api.net\r\nUser-Agent: Python-urllib/3.9\r\nContent-Type: application/json\r\nAuthorization: Basic 03e875af-bd8a-11ed-b603-18c04db173b0\r\nConnection: close\r\n\r\n'
03-08 00:20:00 STDOUT 1185:send:
03-08 00:20:00 STDOUT 1185:b'{"client_id":"03e875af-bd8a-11ed-b603-18c04db173b0"}'
03-08 00:20:00 STDOUT 1185:reply:
03-08 00:20:00 STDOUT 1185:'HTTP/1.1 200 OK\r\n'
03-08 00:20:00 STDOUT 1185:header:
03-08 00:20:00 STDOUT 1185:Date:
03-08 00:20:00 STDOUT 1185:Wed, 08 Mar 2023 08:20:01 GMT
03-08 00:20:00 STDOUT 1185:header:
03-08 00:20:00 STDOUT 1185:Content-Type:
03-08 00:20:00 STDOUT 1185:application/json
03-08 00:20:00 STDOUT 1185:header:
03-08 00:20:00 STDOUT 1185:Content-Length:
03-08 00:20:00 STDOUT 1185:32
03-08 00:20:00 STDOUT 1185:header:
03-08 00:20:00 STDOUT 1185:Connection:
03-08 00:20:00 STDOUT 1185:close
03-08 00:20:00 STDOUT 1185:header:
03-08 00:20:00 STDOUT 1185:x-amzn-RequestId:
03-08 00:20:00 STDOUT 1185:87fd74d3-6eb4-4dfc-a4c9-1f704c645538
03-08 00:20:00 STDOUT 1185:header:
03-08 00:20:00 STDOUT 1185:x-amz-apigw-id:
03-08 00:20:00 STDOUT 1185:Bc-_vGBToAMFzBA=
03-08 00:20:00 STDOUT 1185:header:
03-08 00:20:00 STDOUT 1185:X-Amzn-Trace-Id:
03-08 00:20:00 STDOUT 1185:Root=1-64084531-2925cdff454b1cd768686ad5;Sampled=0
